<?xml version="1.0" encoding="UTF-8"?>
<!-- Generated by org.testng.reporters.JUnitXMLReporter -->
<testsuite ignored="1" hostname="DESKTOP-ONVTQR1" failures="0" tests="2" name="Default test" time="0.105" errors="0" timestamp="2023-04-09T13:29:57 IST">
  <testcase classname="testNG.class01" name="tc1" time="0.013"/>
  <testcase classname="testNG.class01" name="tc2" time="0.011"/>
  <testcase classname="testNG.class01" name="containBug" time="0.0">
    <ignored/>
  </testcase> <!-- containBug -->
</testsuite> <!-- Default test -->
