<?xml version="1.0" encoding="UTF-8"?>
<!-- Generated by org.testng.reporters.JUnitXMLReporter -->
<testsuite ignored="1" hostname="DESKTOP-ONVTQR1" failures="0" tests="3" name="Default test" time="18.035" errors="0" timestamp="2023-05-16T09:42:43 IST">
  <testcase classname="Demo.TrelloAPI" name="CreateBoard" time="12.873"/>
  <testcase classname="Demo.TrelloAPI" name="getBoard" time="2.522"/>
  <testcase classname="Demo.TrelloAPI" name="updatetBoard" time="2.397"/>
  <testcase classname="Demo.TrelloAPI" name="deleteBoard" time="0.0">
    <ignored/>
  </testcase> <!-- deleteBoard -->
</testsuite> <!-- Default test -->
