<?xml version="1.0" encoding="UTF-8"?>
<!-- Generated by org.testng.reporters.JUnitXMLReporter -->
<testsuite ignored="1" hostname="DESKTOP-ONVTQR1" failures="0" tests="6" name="Test" time="0.419" errors="0" timestamp="2023-05-17T01:02:36 IST">
  <testcase classname="testNG.class02" name="MobileloginToOrangeHrm" time="0.035"/>
  <testcase classname="testNG.class02" name="MobilelogoutToOrangeHrm" time="0.018"/>
  <testcase classname="testNG.class02" name="webLoginToOrangeHrm" time="0.02"/>
  <testcase classname="testNG.class02" name="webLogoutToOrangeHrm" time="0.025"/>
  <testcase classname="testNG.class01" name="tc1" time="0.019"/>
  <testcase classname="testNG.class01" name="tc2" time="0.044"/>
  <testcase classname="testNG.class01" name="containBug" time="0.0">
    <ignored/>
  </testcase> <!-- containBug -->
</testsuite> <!-- Test -->
