<?xml version="1.0" encoding="UTF-8"?>
<testng-results ignored="1" total="4" passed="3" failed="0" skipped="0">
  <reporter-output>
  </reporter-output>
  <suite started-at="2023-05-16T09:42:25 IST" name="Default suite" finished-at="2023-05-16T09:42:43 IST" duration-ms="18035">
    <groups>
    </groups>
    <test started-at="2023-05-16T09:42:25 IST" name="Default test" finished-at="2023-05-16T09:42:43 IST" duration-ms="18035">
      <class name="Demo.TrelloAPI">
        <test-method signature="CreateBoard()[pri:1, instance:Demo.TrelloAPI@1e6454ec]" started-at="2023-05-16T09:42:25 IST" name="CreateBoard" finished-at="2023-05-16T09:42:38 IST" duration-ms="12873" status="PASS">
          <reporter-output>
          </reporter-output>
        </test-method> <!-- CreateBoard -->
        <test-method signature="getBoard()[pri:2, instance:Demo.TrelloAPI@1e6454ec]" started-at="2023-05-16T09:42:38 IST" name="getBoard" finished-at="2023-05-16T09:42:40 IST" duration-ms="2522" status="PASS">
          <reporter-output>
          </reporter-output>
        </test-method> <!-- getBoard -->
        <test-method signature="updatetBoard()[pri:3, instance:Demo.TrelloAPI@1e6454ec]" started-at="2023-05-16T09:42:40 IST" name="updatetBoard" finished-at="2023-05-16T09:42:43 IST" duration-ms="2397" status="PASS">
          <reporter-output>
          </reporter-output>
        </test-method> <!-- updatetBoard -->
      </class> <!-- Demo.TrelloAPI -->
    </test> <!-- Default test -->
  </suite> <!-- Default suite -->
</testng-results>
